0 info it worked if it ends with ok
1 verbose cli [ '/Users/student/.nvm/versions/node/v7.7.4/bin/node',
1 verbose cli   '/Users/student/.nvm/versions/node/v7.7.4/bin/npm',
1 verbose cli   'run',
1 verbose cli   'start' ]
2 info using npm@4.1.2
3 info using node@v7.7.4
4 verbose run-script [ 'prestart', 'start', 'poststart' ]
5 info lifecycle my_playlist@1.0.0~prestart: my_playlist@1.0.0
6 silly lifecycle my_playlist@1.0.0~prestart: no script for prestart, continuing
7 info lifecycle my_playlist@1.0.0~start: my_playlist@1.0.0
8 verbose lifecycle my_playlist@1.0.0~start: unsafe-perm in lifecycle true
9 verbose lifecycle my_playlist@1.0.0~start: PATH: /Users/student/.nvm/versions/node/v7.7.4/lib/node_modules/npm/bin/node-gyp-bin:/Users/student/GA/projects/unit03/project3/my_playlist/node_modules/.bin:/Users/student/.nvm/versions/node/v7.7.4/bin:/usr/local/bin:/usr/bin:/bin:/usr/sbin:/sbin
10 verbose lifecycle my_playlist@1.0.0~start: CWD: /Users/student/GA/projects/unit03/project3/my_playlist
11 silly lifecycle my_playlist@1.0.0~start: Args: [ '-c', 'node app.js' ]
12 silly lifecycle my_playlist@1.0.0~start: Returned: code: 1  signal: null
13 info lifecycle my_playlist@1.0.0~start: Failed to exec start script
14 verbose stack Error: my_playlist@1.0.0 start: `node app.js`
14 verbose stack Exit status 1
14 verbose stack     at EventEmitter.<anonymous> (/Users/student/.nvm/versions/node/v7.7.4/lib/node_modules/npm/lib/utils/lifecycle.js:279:16)
14 verbose stack     at emitTwo (events.js:106:13)
14 verbose stack     at EventEmitter.emit (events.js:194:7)
14 verbose stack     at ChildProcess.<anonymous> (/Users/student/.nvm/versions/node/v7.7.4/lib/node_modules/npm/lib/utils/spawn.js:40:14)
14 verbose stack     at emitTwo (events.js:106:13)
14 verbose stack     at ChildProcess.emit (events.js:194:7)
14 verbose stack     at maybeClose (internal/child_process.js:899:16)
14 verbose stack     at Process.ChildProcess._handle.onexit (internal/child_process.js:226:5)
15 verbose pkgid my_playlist@1.0.0
16 verbose cwd /Users/student/GA/projects/unit03/project3/my_playlist/db/seeds
17 error Darwin 15.2.0
18 error argv "/Users/student/.nvm/versions/node/v7.7.4/bin/node" "/Users/student/.nvm/versions/node/v7.7.4/bin/npm" "run" "start"
19 error node v7.7.4
20 error npm  v4.1.2
21 error code ELIFECYCLE
22 error my_playlist@1.0.0 start: `node app.js`
22 error Exit status 1
23 error Failed at the my_playlist@1.0.0 start script 'node app.js'.
23 error Make sure you have the latest version of node.js and npm installed.
23 error If you do, this is most likely a problem with the my_playlist package,
23 error not with npm itself.
23 error Tell the author that this fails on your system:
23 error     node app.js
23 error You can get information on how to open an issue for this project with:
23 error     npm bugs my_playlist
23 error Or if that isn't available, you can get their info via:
23 error     npm owner ls my_playlist
23 error There is likely additional logging output above.
24 verbose exit [ 1, true ]
